This file contains any messages produced by compilers while
running configure, to aid debugging if configure makes a mistake.

It was created by F2FS tools configure 1.7.0, which was
generated by GNU Autoconf 2.69.  Invocation command line was

  $ ./configure 

## --------- ##
## Platform. ##
## --------- ##

hostname = CSY-LAB
uname -m = x86_64
uname -r = 4.8.0
uname -s = Linux
uname -v = #2 SMP Wed Dec 14 20:22:51 KST 2016

/usr/bin/uname -p = unknown
/bin/uname -X     = unknown

/bin/arch              = unknown
/usr/bin/arch -k       = unknown
/usr/convex/getsysinfo = unknown
/usr/bin/hostinfo      = unknown
/bin/machine           = unknown
/usr/bin/oslevel       = unknown
/bin/universe          = unknown

PATH: /home/cheon/bin
PATH: /home/cheon/.local/bin
PATH: /usr/local/sbin
PATH: /usr/local/bin
PATH: /usr/sbin
PATH: /usr/bin
PATH: /sbin
PATH: /bin
PATH: /usr/games
PATH: /usr/local/games
PATH: /snap/bin


## ----------- ##
## Core tests. ##
## ----------- ##

configure:2458: checking for .git
configure:2471: result: yes
configure:2533: checking for a BSD-compatible install
configure:2601: result: /usr/bin/install -c
configure:2612: checking whether build environment is sane
configure:2667: result: yes
configure:2818: checking for a thread-safe mkdir -p
configure:2857: result: /bin/mkdir -p
configure:2864: checking for gawk
configure:2894: result: no
configure:2864: checking for mawk
configure:2880: found /usr/bin/mawk
configure:2891: result: mawk
configure:2902: checking whether make sets $(MAKE)
configure:2924: result: yes
configure:2953: checking whether make supports nested variables
configure:2970: result: yes
configure:3049: checking how to create a pax tar archive
configure:3060: tar --version
tar (GNU tar) 1.28
Copyright (C) 2014 Free Software Foundation, Inc.
License GPLv3+: GNU GPL version 3 or later <http://gnu.org/licenses/gpl.html>.
This is free software: you are free to change and redistribute it.
There is NO WARRANTY, to the extent permitted by law.

Written by John Gilmore and Jay Fenlason.
configure:3063: $? = 0
configure:3103: tardir=conftest.dir && eval tar --format=posix -chf - "$tardir" >conftest.tar
configure:3106: $? = 0
configure:3110: tar -xf - <conftest.tar
configure:3113: $? = 0
configure:3115: cat conftest.dir/file
GrepMe
configure:3118: $? = 0
configure:3131: result: gnutar
configure:3194: checking for style of include used by make
configure:3222: result: GNU
configure:3293: checking for gcc
configure:3309: found /usr/bin/gcc
configure:3320: result: gcc
configure:3549: checking for C compiler version
configure:3558: gcc --version >&5
gcc (Ubuntu 5.4.0-6ubuntu1~16.04.2) 5.4.0 20160609
Copyright (C) 2015 Free Software Foundation, Inc.
This is free software; see the source for copying conditions.  There is NO
warranty; not even for MERCHANTABILITY or FITNESS FOR A PARTICULAR PURPOSE.

configure:3569: $? = 0
configure:3558: gcc -v >&5
Using built-in specs.
COLLECT_GCC=gcc
COLLECT_LTO_WRAPPER=/usr/lib/gcc/x86_64-linux-gnu/5/lto-wrapper
Target: x86_64-linux-gnu
Configured with: ../src/configure -v --with-pkgversion='Ubuntu 5.4.0-6ubuntu1~16.04.2' --with-bugurl=file:///usr/share/doc/gcc-5/README.Bugs --enable-languages=c,ada,c++,java,go,d,fortran,objc,obj-c++ --prefix=/usr --program-suffix=-5 --enable-shared --enable-linker-build-id --libexecdir=/usr/lib --without-included-gettext --enable-threads=posix --libdir=/usr/lib --enable-nls --with-sysroot=/ --enable-clocale=gnu --enable-libstdcxx-debug --enable-libstdcxx-time=yes --with-default-libstdcxx-abi=new --enable-gnu-unique-object --disable-vtable-verify --enable-libmpx --enable-plugin --with-system-zlib --disable-browser-plugin --enable-java-awt=gtk --enable-gtk-cairo --with-java-home=/usr/lib/jvm/java-1.5.0-gcj-5-amd64/jre --enable-java-home --with-jvm-root-dir=/usr/lib/jvm/java-1.5.0-gcj-5-amd64 --with-jvm-jar-dir=/usr/lib/jvm-exports/java-1.5.0-gcj-5-amd64 --with-arch-directory=amd64 --with-ecj-jar=/usr/share/java/eclipse-ecj.jar --enable-objc-gc --enable-multiarch --disable-werror --with-arch-32=i686 --with-abi=m64 --with-multilib-list=m32,m64,mx32 --enable-multilib --with-tune=generic --enable-checking=release --build=x86_64-linux-gnu --host=x86_64-linux-gnu --target=x86_64-linux-gnu
Thread model: posix
gcc version 5.4.0 20160609 (Ubuntu 5.4.0-6ubuntu1~16.04.2) 
configure:3569: $? = 0
configure:3558: gcc -V >&5
gcc: error: unrecognized command line option '-V'
gcc: fatal error: no input files
compilation terminated.
configure:3569: $? = 1
configure:3558: gcc -qversion >&5
gcc: error: unrecognized command line option '-qversion'
gcc: fatal error: no input files
compilation terminated.
configure:3569: $? = 1
configure:3589: checking whether the C compiler works
configure:3611: gcc    conftest.c  >&5
configure:3615: $? = 0
configure:3663: result: yes
configure:3666: checking for C compiler default output file name
configure:3668: result: a.out
configure:3674: checking for suffix of executables
configure:3681: gcc -o conftest    conftest.c  >&5
configure:3685: $? = 0
configure:3707: result: 
configure:3729: checking whether we are cross compiling
configure:3737: gcc -o conftest    conftest.c  >&5
configure:3741: $? = 0
configure:3748: ./conftest
configure:3752: $? = 0
configure:3767: result: no
configure:3772: checking for suffix of object files
configure:3794: gcc -c   conftest.c >&5
configure:3798: $? = 0
configure:3819: result: o
configure:3823: checking whether we are using the GNU C compiler
configure:3842: gcc -c   conftest.c >&5
configure:3842: $? = 0
configure:3851: result: yes
configure:3860: checking whether gcc accepts -g
configure:3880: gcc -c -g  conftest.c >&5
configure:3880: $? = 0
configure:3921: result: yes
configure:3938: checking for gcc option to accept ISO C89
configure:4001: gcc  -c -g -O2  conftest.c >&5
configure:4001: $? = 0
configure:4014: result: none needed
configure:4039: checking whether gcc understands -c and -o together
configure:4061: gcc -c conftest.c -o conftest2.o
configure:4064: $? = 0
configure:4061: gcc -c conftest.c -o conftest2.o
configure:4064: $? = 0
configure:4076: result: yes
configure:4095: checking dependency style of gcc
configure:4206: result: gcc3
configure:4227: checking how to run the C preprocessor
configure:4258: gcc -E  conftest.c
configure:4258: $? = 0
configure:4272: gcc -E  conftest.c
conftest.c:15:28: fatal error: ac_nonexistent.h: No such file or directory
compilation terminated.
configure:4272: $? = 1
configure: failed program was:
| /* confdefs.h */
| #define PACKAGE_NAME "F2FS tools"
| #define PACKAGE_TARNAME "f2fs-tools"
| #define PACKAGE_VERSION "1.7.0"
| #define PACKAGE_STRING "F2FS tools 1.7.0"
| #define PACKAGE_BUGREPORT "linux-f2fs-devel@lists.sourceforge.net"
| #define PACKAGE_URL ""
| #define F2FS_TOOLS_VERSION "1.7.0"
| #define F2FS_MAJOR_VERSION 1
| #define F2FS_MINOR_VERSION 7
| #define F2FS_TOOLS_DATE "2016-07-29"
| #define PACKAGE "f2fs-tools"
| #define VERSION "1.7.0"
| /* end confdefs.h.  */
| #include <ac_nonexistent.h>
configure:4297: result: gcc -E
configure:4317: gcc -E  conftest.c
configure:4317: $? = 0
configure:4331: gcc -E  conftest.c
conftest.c:15:28: fatal error: ac_nonexistent.h: No such file or directory
compilation terminated.
configure:4331: $? = 1
configure: failed program was:
| /* confdefs.h */
| #define PACKAGE_NAME "F2FS tools"
| #define PACKAGE_TARNAME "f2fs-tools"
| #define PACKAGE_VERSION "1.7.0"
| #define PACKAGE_STRING "F2FS tools 1.7.0"
| #define PACKAGE_BUGREPORT "linux-f2fs-devel@lists.sourceforge.net"
| #define PACKAGE_URL ""
| #define F2FS_TOOLS_VERSION "1.7.0"
| #define F2FS_MAJOR_VERSION 1
| #define F2FS_MINOR_VERSION 7
| #define F2FS_TOOLS_DATE "2016-07-29"
| #define PACKAGE "f2fs-tools"
| #define VERSION "1.7.0"
| /* end confdefs.h.  */
| #include <ac_nonexistent.h>
configure:4360: checking for grep that handles long lines and -e
configure:4418: result: /bin/grep
configure:4423: checking for egrep
configure:4485: result: /bin/grep -E
configure:4490: checking for ANSI C header files
configure:4510: gcc -c -g -O2  conftest.c >&5
configure:4510: $? = 0
configure:4583: gcc -o conftest -g -O2   conftest.c  >&5
configure:4583: $? = 0
configure:4583: ./conftest
configure:4583: $? = 0
configure:4594: result: yes
configure:4607: checking for sys/types.h
configure:4607: gcc -c -g -O2  conftest.c >&5
configure:4607: $? = 0
configure:4607: result: yes
configure:4607: checking for sys/stat.h
configure:4607: gcc -c -g -O2  conftest.c >&5
configure:4607: $? = 0
configure:4607: result: yes
configure:4607: checking for stdlib.h
configure:4607: gcc -c -g -O2  conftest.c >&5
configure:4607: $? = 0
configure:4607: result: yes
configure:4607: checking for string.h
configure:4607: gcc -c -g -O2  conftest.c >&5
configure:4607: $? = 0
configure:4607: result: yes
configure:4607: checking for memory.h
configure:4607: gcc -c -g -O2  conftest.c >&5
configure:4607: $? = 0
configure:4607: result: yes
configure:4607: checking for strings.h
configure:4607: gcc -c -g -O2  conftest.c >&5
configure:4607: $? = 0
configure:4607: result: yes
configure:4607: checking for inttypes.h
configure:4607: gcc -c -g -O2  conftest.c >&5
configure:4607: $? = 0
configure:4607: result: yes
configure:4607: checking for stdint.h
configure:4607: gcc -c -g -O2  conftest.c >&5
configure:4607: $? = 0
configure:4607: result: yes
configure:4607: checking for unistd.h
configure:4607: gcc -c -g -O2  conftest.c >&5
configure:4607: $? = 0
configure:4607: result: yes
configure:4625: checking for fcntl.h
configure:4625: gcc -c -g -O2  conftest.c >&5
configure:4625: $? = 0
configure:4625: result: yes
configure:4625: checking for mntent.h
configure:4625: gcc -c -g -O2  conftest.c >&5
configure:4625: $? = 0
configure:4625: result: yes
configure:4625: checking for stdlib.h
configure:4625: result: yes
configure:4625: checking for string.h
configure:4625: result: yes
configure:4625: checking for unistd.h
configure:4625: result: yes
configure:4625: checking for sys/ioctl.h
configure:4625: gcc -c -g -O2  conftest.c >&5
configure:4625: $? = 0
configure:4625: result: yes
configure:4625: checking for sys/mount.h
configure:4625: gcc -c -g -O2  conftest.c >&5
configure:4625: $? = 0
configure:4625: result: yes
configure:4701: checking for gcc
configure:4728: result: gcc
configure:4957: checking for C compiler version
configure:4966: gcc --version >&5
gcc (Ubuntu 5.4.0-6ubuntu1~16.04.2) 5.4.0 20160609
Copyright (C) 2015 Free Software Foundation, Inc.
This is free software; see the source for copying conditions.  There is NO
warranty; not even for MERCHANTABILITY or FITNESS FOR A PARTICULAR PURPOSE.

configure:4977: $? = 0
configure:4966: gcc -v >&5
Using built-in specs.
COLLECT_GCC=gcc
COLLECT_LTO_WRAPPER=/usr/lib/gcc/x86_64-linux-gnu/5/lto-wrapper
Target: x86_64-linux-gnu
Configured with: ../src/configure -v --with-pkgversion='Ubuntu 5.4.0-6ubuntu1~16.04.2' --with-bugurl=file:///usr/share/doc/gcc-5/README.Bugs --enable-languages=c,ada,c++,java,go,d,fortran,objc,obj-c++ --prefix=/usr --program-suffix=-5 --enable-shared --enable-linker-build-id --libexecdir=/usr/lib --without-included-gettext --enable-threads=posix --libdir=/usr/lib --enable-nls --with-sysroot=/ --enable-clocale=gnu --enable-libstdcxx-debug --enable-libstdcxx-time=yes --with-default-libstdcxx-abi=new --enable-gnu-unique-object --disable-vtable-verify --enable-libmpx --enable-plugin --with-system-zlib --disable-browser-plugin --enable-java-awt=gtk --enable-gtk-cairo --with-java-home=/usr/lib/jvm/java-1.5.0-gcj-5-amd64/jre --enable-java-home --with-jvm-root-dir=/usr/lib/jvm/java-1.5.0-gcj-5-amd64 --with-jvm-jar-dir=/usr/lib/jvm-exports/java-1.5.0-gcj-5-amd64 --with-arch-directory=amd64 --with-ecj-jar=/usr/share/java/eclipse-ecj.jar --enable-objc-gc --enable-multiarch --disable-werror --with-arch-32=i686 --with-abi=m64 --with-multilib-list=m32,m64,mx32 --enable-multilib --with-tune=generic --enable-checking=release --build=x86_64-linux-gnu --host=x86_64-linux-gnu --target=x86_64-linux-gnu
Thread model: posix
gcc version 5.4.0 20160609 (Ubuntu 5.4.0-6ubuntu1~16.04.2) 
configure:4977: $? = 0
configure:4966: gcc -V >&5
gcc: error: unrecognized command line option '-V'
gcc: fatal error: no input files
compilation terminated.
configure:4977: $? = 1
configure:4966: gcc -qversion >&5
gcc: error: unrecognized command line option '-qversion'
gcc: fatal error: no input files
compilation terminated.
configure:4977: $? = 1
configure:4981: checking whether we are using the GNU C compiler
configure:5009: result: yes
configure:5018: checking whether gcc accepts -g
configure:5079: result: yes
configure:5096: checking for gcc option to accept ISO C89
configure:5172: result: none needed
configure:5197: checking whether gcc understands -c and -o together
configure:5234: result: yes
configure:5253: checking dependency style of gcc
configure:5364: result: gcc3
configure:5408: checking build system type
configure:5422: result: x86_64-pc-linux-gnu
configure:5442: checking host system type
configure:5455: result: x86_64-pc-linux-gnu
configure:5496: checking how to print strings
configure:5523: result: printf
configure:5544: checking for a sed that does not truncate output
configure:5608: result: /bin/sed
configure:5626: checking for fgrep
configure:5688: result: /bin/grep -F
configure:5723: checking for ld used by gcc
configure:5790: result: /usr/bin/ld
configure:5797: checking if the linker (/usr/bin/ld) is GNU ld
configure:5812: result: yes
configure:5824: checking for BSD- or MS-compatible name lister (nm)
configure:5878: result: /usr/bin/nm -B
configure:6008: checking the name lister (/usr/bin/nm -B) interface
configure:6015: gcc -c -g -O2  conftest.c >&5
configure:6018: /usr/bin/nm -B "conftest.o"
configure:6021: output
0000000000000000 B some_variable
configure:6028: result: BSD nm
configure:6031: checking whether ln -s works
configure:6035: result: yes
configure:6043: checking the maximum length of command line arguments
configure:6174: result: 1572864
configure:6222: checking how to convert x86_64-pc-linux-gnu file names to x86_64-pc-linux-gnu format
configure:6262: result: func_convert_file_noop
configure:6269: checking how to convert x86_64-pc-linux-gnu file names to toolchain format
configure:6289: result: func_convert_file_noop
configure:6296: checking for /usr/bin/ld option to reload object files
configure:6303: result: -r
configure:6377: checking for objdump
configure:6393: found /usr/bin/objdump
configure:6404: result: objdump
configure:6436: checking how to recognize dependent libraries
configure:6636: result: pass_all
configure:6721: checking for dlltool
configure:6751: result: no
configure:6781: checking how to associate runtime and link libraries
configure:6808: result: printf %s\n
configure:6868: checking for ar
configure:6884: found /usr/bin/ar
configure:6895: result: ar
configure:6932: checking for archiver @FILE support
configure:6949: gcc -c -g -O2  conftest.c >&5
configure:6949: $? = 0
configure:6952: ar cru libconftest.a @conftest.lst >&5
ar: `u' modifier ignored since `D' is the default (see `U')
configure:6955: $? = 0
configure:6960: ar cru libconftest.a @conftest.lst >&5
ar: `u' modifier ignored since `D' is the default (see `U')
ar: conftest.o: No such file or directory
configure:6963: $? = 1
configure:6975: result: @
configure:7033: checking for strip
configure:7049: found /usr/bin/strip
configure:7060: result: strip
configure:7132: checking for ranlib
configure:7148: found /usr/bin/ranlib
configure:7159: result: ranlib
configure:7261: checking command to parse /usr/bin/nm -B output from gcc object
configure:7414: gcc -c -g -O2  conftest.c >&5
configure:7417: $? = 0
configure:7421: /usr/bin/nm -B conftest.o \| sed -n -e 's/^.*[ ]\([ABCDGIRSTW][ABCDGIRSTW]*\)[ ][ ]*\([_A-Za-z][_A-Za-z0-9]*\)$/\1 \2 \2/p' | sed '/ __gnu_lto/d' \> conftest.nm
configure:7424: $? = 0
configure:7490: gcc -o conftest -g -O2   conftest.c conftstm.o >&5
configure:7493: $? = 0
configure:7531: result: ok
configure:7578: checking for sysroot
configure:7608: result: no
configure:7615: checking for a working dd
configure:7653: result: /bin/dd
configure:7657: checking how to truncate binary pipes
configure:7672: result: /bin/dd bs=4096 count=1
configure:7808: gcc -c -g -O2  conftest.c >&5
configure:7811: $? = 0
configure:8001: checking for mt
configure:8017: found /bin/mt
configure:8028: result: mt
configure:8051: checking if mt is a manifest tool
configure:8057: mt '-?'
configure:8065: result: no
configure:8739: checking for dlfcn.h
configure:8739: gcc -c -g -O2  conftest.c >&5
configure:8739: $? = 0
configure:8739: result: yes
configure:8995: checking for objdir
configure:9010: result: .libs
configure:9274: checking if gcc supports -fno-rtti -fno-exceptions
configure:9292: gcc -c -g -O2  -fno-rtti -fno-exceptions conftest.c >&5
cc1: warning: command line option '-fno-rtti' is valid for C++/ObjC++ but not for C
configure:9296: $? = 0
configure:9309: result: no
configure:9667: checking for gcc option to produce PIC
configure:9674: result: -fPIC -DPIC
configure:9682: checking if gcc PIC flag -fPIC -DPIC works
configure:9700: gcc -c -g -O2  -fPIC -DPIC -DPIC conftest.c >&5
configure:9704: $? = 0
configure:9717: result: yes
configure:9746: checking if gcc static flag -static works
configure:9774: result: yes
configure:9789: checking if gcc supports -c -o file.o
configure:9810: gcc -c -g -O2  -o out/conftest2.o conftest.c >&5
configure:9814: $? = 0
configure:9836: result: yes
configure:9844: checking if gcc supports -c -o file.o
configure:9891: result: yes
configure:9924: checking whether the gcc linker (/usr/bin/ld -m elf_x86_64) supports shared libraries
configure:11187: result: yes
configure:11224: checking whether -lc should be explicitly linked in
configure:11232: gcc -c -g -O2  conftest.c >&5
configure:11235: $? = 0
configure:11250: gcc -shared  -fPIC -DPIC conftest.o  -v -Wl,-soname -Wl,conftest -o conftest 2\>\&1 \| /bin/grep  -lc  \>/dev/null 2\>\&1
configure:11253: $? = 0
configure:11267: result: no
configure:11427: checking dynamic linker characteristics
configure:12008: gcc -o conftest -g -O2   -Wl,-rpath -Wl,/foo conftest.c  >&5
configure:12008: $? = 0
configure:12257: result: GNU/Linux ld.so
configure:12379: checking how to hardcode library paths into programs
configure:12404: result: immediate
configure:12952: checking whether stripping libraries is possible
configure:12957: result: yes
configure:12992: checking if libtool supports shared libraries
configure:12994: result: yes
configure:12997: checking whether to build shared libraries
configure:13022: result: yes
configure:13025: checking whether to build static libraries
configure:13029: result: yes
configure:13068: checking for ldconfig
configure:13087: found /sbin/ldconfig
configure:13100: result: /sbin/ldconfig
configure:13164: checking for pkg-config
configure:13182: found /usr/bin/pkg-config
configure:13194: result: /usr/bin/pkg-config
configure:13219: checking pkg-config is at least version 0.9.0
configure:13222: result: yes
configure:13232: checking for libuuid
configure:13239: $PKG_CONFIG --exists --print-errors "uuid"
configure:13242: $? = 0
configure:13256: $PKG_CONFIG --exists --print-errors "uuid"
configure:13259: $? = 0
configure:13317: result: yes
configure:13323: checking for libselinux
configure:13330: $PKG_CONFIG --exists --print-errors "libselinux"
configure:13333: $? = 0
configure:13347: $PKG_CONFIG --exists --print-errors "libselinux"
configure:13350: $? = 0
configure:13408: result: yes
configure:13418: checking linux/fs.h usability
configure:13418: gcc -c -g -O2  conftest.c >&5
configure:13418: $? = 0
configure:13418: result: yes
configure:13418: checking linux/fs.h presence
configure:13418: gcc -E  conftest.c
configure:13418: $? = 0
configure:13418: result: yes
configure:13418: checking for linux/fs.h
configure:13418: result: yes
configure:13418: checking for fcntl.h
configure:13418: result: yes
configure:13418: checking for mntent.h
configure:13418: result: yes
configure:13418: checking for stdlib.h
configure:13418: result: yes
configure:13418: checking for string.h
configure:13418: result: yes
configure:13418: checking for sys/ioctl.h
configure:13418: result: yes
configure:13418: checking for sys/mount.h
configure:13418: result: yes
configure:13418: checking for unistd.h
configure:13418: result: yes
configure:13418: checking linux/falloc.h usability
configure:13418: gcc -c -g -O2  conftest.c >&5
configure:13418: $? = 0
configure:13418: result: yes
configure:13418: checking linux/falloc.h presence
configure:13418: gcc -E  conftest.c
configure:13418: $? = 0
configure:13418: result: yes
configure:13418: checking for linux/falloc.h
configure:13418: result: yes
configure:13418: checking byteswap.h usability
configure:13418: gcc -c -g -O2  conftest.c >&5
configure:13418: $? = 0
configure:13418: result: yes
configure:13418: checking byteswap.h presence
configure:13418: gcc -E  conftest.c
configure:13418: $? = 0
configure:13418: result: yes
configure:13418: checking for byteswap.h
configure:13418: result: yes
configure:13430: checking for inline
configure:13446: gcc -c -g -O2  conftest.c >&5
configure:13446: $? = 0
configure:13454: result: inline
configure:13472: checking for int32_t
configure:13472: gcc -c -g -O2  conftest.c >&5
configure:13472: $? = 0
configure:13472: gcc -c -g -O2  conftest.c >&5
conftest.c: In function 'main':
conftest.c:82:53: warning: integer overflow in expression [-Woverflow]
    < (int32_t) (((((int32_t) 1 << N) << N) - 1) * 2 + 2))];
                                                     ^
conftest.c:81:12: error: storage size of 'test_array' isn't constant
 static int test_array [1 - 2 * !((int32_t) (((((int32_t) 1 << N) << N) - 1) * 2 + 1)
            ^
configure:13472: $? = 1
configure: failed program was:
| /* confdefs.h */
| #define PACKAGE_NAME "F2FS tools"
| #define PACKAGE_TARNAME "f2fs-tools"
| #define PACKAGE_VERSION "1.7.0"
| #define PACKAGE_STRING "F2FS tools 1.7.0"
| #define PACKAGE_BUGREPORT "linux-f2fs-devel@lists.sourceforge.net"
| #define PACKAGE_URL ""
| #define F2FS_TOOLS_VERSION "1.7.0"
| #define F2FS_MAJOR_VERSION 1
| #define F2FS_MINOR_VERSION 7
| #define F2FS_TOOLS_DATE "2016-07-29"
| #define PACKAGE "f2fs-tools"
| #define VERSION "1.7.0"
| #define STDC_HEADERS 1
| #define HAVE_SYS_TYPES_H 1
| #define HAVE_SYS_STAT_H 1
| #define HAVE_STDLIB_H 1
| #define HAVE_STRING_H 1
| #define HAVE_MEMORY_H 1
| #define HAVE_STRINGS_H 1
| #define HAVE_INTTYPES_H 1
| #define HAVE_STDINT_H 1
| #define HAVE_UNISTD_H 1
| #define HAVE_FCNTL_H 1
| #define HAVE_MNTENT_H 1
| #define HAVE_STDLIB_H 1
| #define HAVE_STRING_H 1
| #define HAVE_UNISTD_H 1
| #define HAVE_SYS_IOCTL_H 1
| #define HAVE_SYS_MOUNT_H 1
| #define HAVE_DLFCN_H 1
| #define LT_OBJDIR ".libs/"
| #define HAVE_LINUX_FS_H 1
| #define HAVE_FCNTL_H 1
| #define HAVE_MNTENT_H 1
| #define HAVE_STDLIB_H 1
| #define HAVE_STRING_H 1
| #define HAVE_SYS_IOCTL_H 1
| #define HAVE_SYS_MOUNT_H 1
| #define HAVE_UNISTD_H 1
| #define HAVE_LINUX_FALLOC_H 1
| #define HAVE_BYTESWAP_H 1
| /* end confdefs.h.  */
| #include <stdio.h>
| #ifdef HAVE_SYS_TYPES_H
| # include <sys/types.h>
| #endif
| #ifdef HAVE_SYS_STAT_H
| # include <sys/stat.h>
| #endif
| #ifdef STDC_HEADERS
| # include <stdlib.h>
| # include <stddef.h>
| #else
| # ifdef HAVE_STDLIB_H
| #  include <stdlib.h>
| # endif
| #endif
| #ifdef HAVE_STRING_H
| # if !defined STDC_HEADERS && defined HAVE_MEMORY_H
| #  include <memory.h>
| # endif
| # include <string.h>
| #endif
| #ifdef HAVE_STRINGS_H
| # include <strings.h>
| #endif
| #ifdef HAVE_INTTYPES_H
| # include <inttypes.h>
| #endif
| #ifdef HAVE_STDINT_H
| # include <stdint.h>
| #endif
| #ifdef HAVE_UNISTD_H
| # include <unistd.h>
| #endif
| 	        enum { N = 32 / 2 - 1 };
| int
| main ()
| {
| static int test_array [1 - 2 * !((int32_t) (((((int32_t) 1 << N) << N) - 1) * 2 + 1)
| 		 < (int32_t) (((((int32_t) 1 << N) << N) - 1) * 2 + 2))];
| test_array [0] = 0;
| return test_array [0];
| 
|   ;
|   return 0;
| }
configure:13472: result: yes
configure:13483: checking for int8_t
configure:13483: gcc -c -g -O2  conftest.c >&5
configure:13483: $? = 0
configure:13483: gcc -c -g -O2  conftest.c >&5
conftest.c: In function 'main':
conftest.c:81:12: error: size of array 'test_array' is negative
 static int test_array [1 - 2 * !((int8_t) (((((int8_t) 1 << N) << N) - 1) * 2 + 1)
            ^
configure:13483: $? = 1
configure: failed program was:
| /* confdefs.h */
| #define PACKAGE_NAME "F2FS tools"
| #define PACKAGE_TARNAME "f2fs-tools"
| #define PACKAGE_VERSION "1.7.0"
| #define PACKAGE_STRING "F2FS tools 1.7.0"
| #define PACKAGE_BUGREPORT "linux-f2fs-devel@lists.sourceforge.net"
| #define PACKAGE_URL ""
| #define F2FS_TOOLS_VERSION "1.7.0"
| #define F2FS_MAJOR_VERSION 1
| #define F2FS_MINOR_VERSION 7
| #define F2FS_TOOLS_DATE "2016-07-29"
| #define PACKAGE "f2fs-tools"
| #define VERSION "1.7.0"
| #define STDC_HEADERS 1
| #define HAVE_SYS_TYPES_H 1
| #define HAVE_SYS_STAT_H 1
| #define HAVE_STDLIB_H 1
| #define HAVE_STRING_H 1
| #define HAVE_MEMORY_H 1
| #define HAVE_STRINGS_H 1
| #define HAVE_INTTYPES_H 1
| #define HAVE_STDINT_H 1
| #define HAVE_UNISTD_H 1
| #define HAVE_FCNTL_H 1
| #define HAVE_MNTENT_H 1
| #define HAVE_STDLIB_H 1
| #define HAVE_STRING_H 1
| #define HAVE_UNISTD_H 1
| #define HAVE_SYS_IOCTL_H 1
| #define HAVE_SYS_MOUNT_H 1
| #define HAVE_DLFCN_H 1
| #define LT_OBJDIR ".libs/"
| #define HAVE_LINUX_FS_H 1
| #define HAVE_FCNTL_H 1
| #define HAVE_MNTENT_H 1
| #define HAVE_STDLIB_H 1
| #define HAVE_STRING_H 1
| #define HAVE_SYS_IOCTL_H 1
| #define HAVE_SYS_MOUNT_H 1
| #define HAVE_UNISTD_H 1
| #define HAVE_LINUX_FALLOC_H 1
| #define HAVE_BYTESWAP_H 1
| /* end confdefs.h.  */
| #include <stdio.h>
| #ifdef HAVE_SYS_TYPES_H
| # include <sys/types.h>
| #endif
| #ifdef HAVE_SYS_STAT_H
| # include <sys/stat.h>
| #endif
| #ifdef STDC_HEADERS
| # include <stdlib.h>
| # include <stddef.h>
| #else
| # ifdef HAVE_STDLIB_H
| #  include <stdlib.h>
| # endif
| #endif
| #ifdef HAVE_STRING_H
| # if !defined STDC_HEADERS && defined HAVE_MEMORY_H
| #  include <memory.h>
| # endif
| # include <string.h>
| #endif
| #ifdef HAVE_STRINGS_H
| # include <strings.h>
| #endif
| #ifdef HAVE_INTTYPES_H
| # include <inttypes.h>
| #endif
| #ifdef HAVE_STDINT_H
| # include <stdint.h>
| #endif
| #ifdef HAVE_UNISTD_H
| # include <unistd.h>
| #endif
| 	        enum { N = 8 / 2 - 1 };
| int
| main ()
| {
| static int test_array [1 - 2 * !((int8_t) (((((int8_t) 1 << N) << N) - 1) * 2 + 1)
| 		 < (int8_t) (((((int8_t) 1 << N) << N) - 1) * 2 + 2))];
| test_array [0] = 0;
| return test_array [0];
| 
|   ;
|   return 0;
| }
configure:13483: result: yes
configure:13494: checking for size_t
configure:13494: gcc -c -g -O2  conftest.c >&5
configure:13494: $? = 0
configure:13494: gcc -c -g -O2  conftest.c >&5
conftest.c: In function 'main':
conftest.c:80:21: error: expected expression before ')' token
 if (sizeof ((size_t)))
                     ^
configure:13494: $? = 1
configure: failed program was:
| /* confdefs.h */
| #define PACKAGE_NAME "F2FS tools"
| #define PACKAGE_TARNAME "f2fs-tools"
| #define PACKAGE_VERSION "1.7.0"
| #define PACKAGE_STRING "F2FS tools 1.7.0"
| #define PACKAGE_BUGREPORT "linux-f2fs-devel@lists.sourceforge.net"
| #define PACKAGE_URL ""
| #define F2FS_TOOLS_VERSION "1.7.0"
| #define F2FS_MAJOR_VERSION 1
| #define F2FS_MINOR_VERSION 7
| #define F2FS_TOOLS_DATE "2016-07-29"
| #define PACKAGE "f2fs-tools"
| #define VERSION "1.7.0"
| #define STDC_HEADERS 1
| #define HAVE_SYS_TYPES_H 1
| #define HAVE_SYS_STAT_H 1
| #define HAVE_STDLIB_H 1
| #define HAVE_STRING_H 1
| #define HAVE_MEMORY_H 1
| #define HAVE_STRINGS_H 1
| #define HAVE_INTTYPES_H 1
| #define HAVE_STDINT_H 1
| #define HAVE_UNISTD_H 1
| #define HAVE_FCNTL_H 1
| #define HAVE_MNTENT_H 1
| #define HAVE_STDLIB_H 1
| #define HAVE_STRING_H 1
| #define HAVE_UNISTD_H 1
| #define HAVE_SYS_IOCTL_H 1
| #define HAVE_SYS_MOUNT_H 1
| #define HAVE_DLFCN_H 1
| #define LT_OBJDIR ".libs/"
| #define HAVE_LINUX_FS_H 1
| #define HAVE_FCNTL_H 1
| #define HAVE_MNTENT_H 1
| #define HAVE_STDLIB_H 1
| #define HAVE_STRING_H 1
| #define HAVE_SYS_IOCTL_H 1
| #define HAVE_SYS_MOUNT_H 1
| #define HAVE_UNISTD_H 1
| #define HAVE_LINUX_FALLOC_H 1
| #define HAVE_BYTESWAP_H 1
| /* end confdefs.h.  */
| #include <stdio.h>
| #ifdef HAVE_SYS_TYPES_H
| # include <sys/types.h>
| #endif
| #ifdef HAVE_SYS_STAT_H
| # include <sys/stat.h>
| #endif
| #ifdef STDC_HEADERS
| # include <stdlib.h>
| # include <stddef.h>
| #else
| # ifdef HAVE_STDLIB_H
| #  include <stdlib.h>
| # endif
| #endif
| #ifdef HAVE_STRING_H
| # if !defined STDC_HEADERS && defined HAVE_MEMORY_H
| #  include <memory.h>
| # endif
| # include <string.h>
| #endif
| #ifdef HAVE_STRINGS_H
| # include <strings.h>
| #endif
| #ifdef HAVE_INTTYPES_H
| # include <inttypes.h>
| #endif
| #ifdef HAVE_STDINT_H
| # include <stdint.h>
| #endif
| #ifdef HAVE_UNISTD_H
| # include <unistd.h>
| #endif
| int
| main ()
| {
| if (sizeof ((size_t)))
| 	    return 0;
|   ;
|   return 0;
| }
configure:13494: result: yes
configure:13509: checking for library containing getmntent
configure:13540: gcc -o conftest -g -O2   conftest.c  >&5
configure:13540: $? = 0
configure:13557: result: none required
configure:13577: checking for fallocate
configure:13577: gcc -o conftest -g -O2   conftest.c  >&5
configure:13577: $? = 0
configure:13577: result: yes
configure:13577: checking for getmntent
configure:13577: result: yes
configure:13577: checking for memset
configure:13577: gcc -o conftest -g -O2   conftest.c  >&5
conftest.c:70:6: warning: conflicting types for built-in function 'memset'
 char memset ();
      ^
configure:13577: $? = 0
configure:13577: result: yes
configure:13595: checking whether bswap_64 is declared
configure:13595: gcc -c -g -O2  conftest.c >&5
configure:13595: $? = 0
configure:13595: result: yes
configure:13742: checking that generated files are newer than configure
configure:13748: result: done
configure:13775: creating ./config.status

## ---------------------- ##
## Running config.status. ##
## ---------------------- ##

This file was extended by F2FS tools config.status 1.7.0, which was
generated by GNU Autoconf 2.69.  Invocation command line was

  CONFIG_FILES    = 
  CONFIG_HEADERS  = 
  CONFIG_LINKS    = 
  CONFIG_COMMANDS = 
  $ ./config.status 

on CSY-LAB

config.status:1129: creating Makefile
config.status:1129: creating man/Makefile
config.status:1129: creating lib/Makefile
config.status:1129: creating mkfs/Makefile
config.status:1129: creating fsck/Makefile
config.status:1129: creating tools/Makefile
config.status:1129: creating config.h
config.status:1358: executing depfiles commands
config.status:1358: executing libtool commands

## ---------------- ##
## Cache variables. ##
## ---------------- ##

ac_cv_build=x86_64-pc-linux-gnu
ac_cv_c_compiler_gnu=yes
ac_cv_c_inline=inline
ac_cv_c_int32_t=yes
ac_cv_c_int8_t=yes
ac_cv_env_CC_set=
ac_cv_env_CC_value=
ac_cv_env_CFLAGS_set=
ac_cv_env_CFLAGS_value=
ac_cv_env_CPPFLAGS_set=
ac_cv_env_CPPFLAGS_value=
ac_cv_env_CPP_set=
ac_cv_env_CPP_value=
ac_cv_env_LDFLAGS_set=
ac_cv_env_LDFLAGS_value=
ac_cv_env_LIBS_set=
ac_cv_env_LIBS_value=
ac_cv_env_LT_SYS_LIBRARY_PATH_set=
ac_cv_env_LT_SYS_LIBRARY_PATH_value=
ac_cv_env_PKG_CONFIG_LIBDIR_set=
ac_cv_env_PKG_CONFIG_LIBDIR_value=
ac_cv_env_PKG_CONFIG_PATH_set=
ac_cv_env_PKG_CONFIG_PATH_value=
ac_cv_env_PKG_CONFIG_set=
ac_cv_env_PKG_CONFIG_value=
ac_cv_env_build_alias_set=
ac_cv_env_build_alias_value=
ac_cv_env_host_alias_set=
ac_cv_env_host_alias_value=
ac_cv_env_libselinux_CFLAGS_set=
ac_cv_env_libselinux_CFLAGS_value=
ac_cv_env_libselinux_LIBS_set=
ac_cv_env_libselinux_LIBS_value=
ac_cv_env_libuuid_CFLAGS_set=
ac_cv_env_libuuid_CFLAGS_value=
ac_cv_env_libuuid_LIBS_set=
ac_cv_env_libuuid_LIBS_value=
ac_cv_env_target_alias_set=
ac_cv_env_target_alias_value=
ac_cv_file__git=yes
ac_cv_func_fallocate=yes
ac_cv_func_getmntent=yes
ac_cv_func_memset=yes
ac_cv_have_decl_bswap_64=yes
ac_cv_header_byteswap_h=yes
ac_cv_header_dlfcn_h=yes
ac_cv_header_fcntl_h=yes
ac_cv_header_inttypes_h=yes
ac_cv_header_linux_falloc_h=yes
ac_cv_header_linux_fs_h=yes
ac_cv_header_memory_h=yes
ac_cv_header_mntent_h=yes
ac_cv_header_stdc=yes
ac_cv_header_stdint_h=yes
ac_cv_header_stdlib_h=yes
ac_cv_header_string_h=yes
ac_cv_header_strings_h=yes
ac_cv_header_sys_ioctl_h=yes
ac_cv_header_sys_mount_h=yes
ac_cv_header_sys_stat_h=yes
ac_cv_header_sys_types_h=yes
ac_cv_header_unistd_h=yes
ac_cv_host=x86_64-pc-linux-gnu
ac_cv_objext=o
ac_cv_path_EGREP='/bin/grep -E'
ac_cv_path_FGREP='/bin/grep -F'
ac_cv_path_GREP=/bin/grep
ac_cv_path_LDCONFIG=/sbin/ldconfig
ac_cv_path_SED=/bin/sed
ac_cv_path_ac_pt_PKG_CONFIG=/usr/bin/pkg-config
ac_cv_path_install='/usr/bin/install -c'
ac_cv_path_lt_DD=/bin/dd
ac_cv_path_mkdir=/bin/mkdir
ac_cv_prog_AWK=mawk
ac_cv_prog_CPP='gcc -E'
ac_cv_prog_ac_ct_AR=ar
ac_cv_prog_ac_ct_CC=gcc
ac_cv_prog_ac_ct_MANIFEST_TOOL=mt
ac_cv_prog_ac_ct_OBJDUMP=objdump
ac_cv_prog_ac_ct_RANLIB=ranlib
ac_cv_prog_ac_ct_STRIP=strip
ac_cv_prog_cc_c89=
ac_cv_prog_cc_g=yes
ac_cv_prog_make_make_set=yes
ac_cv_search_getmntent='none required'
ac_cv_type_size_t=yes
am_cv_CC_dependencies_compiler_type=gcc3
am_cv_make_support_nested_variables=yes
am_cv_prog_cc_c_o=yes
am_cv_prog_tar_pax=gnutar
lt_cv_ar_at_file=@
lt_cv_archive_cmds_need_lc=no
lt_cv_deplibs_check_method=pass_all
lt_cv_file_magic_cmd='$MAGIC_CMD'
lt_cv_file_magic_test_file=
lt_cv_ld_reload_flag=-r
lt_cv_nm_interface='BSD nm'
lt_cv_objdir=.libs
lt_cv_path_LD=/usr/bin/ld
lt_cv_path_NM='/usr/bin/nm -B'
lt_cv_path_mainfest_tool=no
lt_cv_prog_compiler_c_o=yes
lt_cv_prog_compiler_pic='-fPIC -DPIC'
lt_cv_prog_compiler_pic_works=yes
lt_cv_prog_compiler_rtti_exceptions=no
lt_cv_prog_compiler_static_works=yes
lt_cv_prog_gnu_ld=yes
lt_cv_sharedlib_from_linklib_cmd='printf %s\n'
lt_cv_shlibpath_overrides_runpath=no
lt_cv_sys_global_symbol_pipe='sed -n -e '\''s/^.*[	 ]\([ABCDGIRSTW][ABCDGIRSTW]*\)[	 ][	 ]*\([_A-Za-z][_A-Za-z0-9]*\)$/\1 \2 \2/p'\'' | sed '\''/ __gnu_lto/d'\'''
lt_cv_sys_global_symbol_to_c_name_address='sed -n -e '\''s/^: \(.*\) .*$/  {"\1", (void *) 0},/p'\'' -e '\''s/^[ABCDGIRSTW][ABCDGIRSTW]* .* \(.*\)$/  {"\1", (void *) \&\1},/p'\'''
lt_cv_sys_global_symbol_to_c_name_address_lib_prefix='sed -n -e '\''s/^: \(.*\) .*$/  {"\1", (void *) 0},/p'\'' -e '\''s/^[ABCDGIRSTW][ABCDGIRSTW]* .* \(lib.*\)$/  {"\1", (void *) \&\1},/p'\'' -e '\''s/^[ABCDGIRSTW][ABCDGIRSTW]* .* \(.*\)$/  {"lib\1", (void *) \&\1},/p'\'''
lt_cv_sys_global_symbol_to_cdecl='sed -n -e '\''s/^T .* \(.*\)$/extern int \1();/p'\'' -e '\''s/^[ABCDGIRSTW][ABCDGIRSTW]* .* \(.*\)$/extern char \1;/p'\'''
lt_cv_sys_global_symbol_to_import=
lt_cv_sys_max_cmd_len=1572864
lt_cv_to_host_file_cmd=func_convert_file_noop
lt_cv_to_tool_file_cmd=func_convert_file_noop
lt_cv_truncate_bin='/bin/dd bs=4096 count=1'
pkg_cv_libselinux_CFLAGS=
pkg_cv_libselinux_LIBS=-lselinux
pkg_cv_libuuid_CFLAGS=-I/usr/include/uuid
pkg_cv_libuuid_LIBS=-luuid

## ----------------- ##
## Output variables. ##
## ----------------- ##

ACLOCAL='${SHELL} /home/cheon/f2fs-tools/build-aux/missing aclocal-1.15'
AMDEPBACKSLASH='\'
AMDEP_FALSE='#'
AMDEP_TRUE=''
AMTAR='$${TAR-tar}'
AM_BACKSLASH='\'
AM_DEFAULT_V='$(AM_DEFAULT_VERBOSITY)'
AM_DEFAULT_VERBOSITY='1'
AM_V='$(V)'
AR='ar'
AUTOCONF='${SHELL} /home/cheon/f2fs-tools/build-aux/missing autoconf'
AUTOHEADER='${SHELL} /home/cheon/f2fs-tools/build-aux/missing autoheader'
AUTOMAKE='${SHELL} /home/cheon/f2fs-tools/build-aux/missing automake-1.15'
AWK='mawk'
CC='gcc'
CCDEPMODE='depmode=gcc3'
CFLAGS='-g -O2'
CPP='gcc -E'
CPPFLAGS=''
CYGPATH_W='echo'
DEFS='-DHAVE_CONFIG_H'
DEPDIR='.deps'
DLLTOOL='false'
DSYMUTIL=''
DUMPBIN=''
ECHO_C=''
ECHO_N='-n'
ECHO_T=''
EGREP='/bin/grep -E'
EXEEXT=''
FGREP='/bin/grep -F'
FMT_AGE='0'
FMT_CURRENT='0'
FMT_REVISION='2'
GREP='/bin/grep'
INSTALL_DATA='${INSTALL} -m 644'
INSTALL_PROGRAM='${INSTALL}'
INSTALL_SCRIPT='${INSTALL}'
INSTALL_STRIP_PROGRAM='$(install_sh) -c -s'
LD='/usr/bin/ld -m elf_x86_64'
LDCONFIG='/sbin/ldconfig'
LDFLAGS=''
LIBF2FS_AGE='0'
LIBF2FS_CURRENT='1'
LIBF2FS_REVISION='0'
LIBOBJS=''
LIBS=''
LIBTOOL='$(SHELL) $(top_builddir)/libtool'
LIPO=''
LN_S='ln -s'
LTLIBOBJS=''
LT_SYS_LIBRARY_PATH=''
MAKEINFO='${SHELL} /home/cheon/f2fs-tools/build-aux/missing makeinfo'
MANIFEST_TOOL=':'
MKDIR_P='/bin/mkdir -p'
NM='/usr/bin/nm -B'
NMEDIT=''
OBJDUMP='objdump'
OBJEXT='o'
OTOOL64=''
OTOOL=''
PACKAGE='f2fs-tools'
PACKAGE_BUGREPORT='linux-f2fs-devel@lists.sourceforge.net'
PACKAGE_NAME='F2FS tools'
PACKAGE_STRING='F2FS tools 1.7.0'
PACKAGE_TARNAME='f2fs-tools'
PACKAGE_URL=''
PACKAGE_VERSION='1.7.0'
PATH_SEPARATOR=':'
PKG_CONFIG='/usr/bin/pkg-config'
PKG_CONFIG_LIBDIR=''
PKG_CONFIG_PATH=''
RANLIB='ranlib'
SED='/bin/sed'
SET_MAKE=''
SHELL='/bin/bash'
STRIP='strip'
VERSION='1.7.0'
ac_ct_AR='ar'
ac_ct_CC='gcc'
ac_ct_DUMPBIN=''
am__EXEEXT_FALSE=''
am__EXEEXT_TRUE='#'
am__fastdepCC_FALSE='#'
am__fastdepCC_TRUE=''
am__include='include'
am__isrc=''
am__leading_dot='.'
am__nodep='_no'
am__quote=''
am__tar='tar --format=posix -chf - "$$tardir"'
am__untar='tar -xf -'
bindir='${exec_prefix}/bin'
build='x86_64-pc-linux-gnu'
build_alias=''
build_cpu='x86_64'
build_os='linux-gnu'
build_vendor='pc'
datadir='${datarootdir}'
datarootdir='${prefix}/share'
docdir='${datarootdir}/doc/${PACKAGE_TARNAME}'
dvidir='${docdir}'
exec_prefix='${prefix}'
host='x86_64-pc-linux-gnu'
host_alias=''
host_cpu='x86_64'
host_os='linux-gnu'
host_vendor='pc'
htmldir='${docdir}'
includedir='${prefix}/include'
infodir='${datarootdir}/info'
install_sh='${SHELL} /home/cheon/f2fs-tools/build-aux/install-sh'
libdir='${exec_prefix}/lib'
libexecdir='${exec_prefix}/libexec'
libselinux_CFLAGS=''
libselinux_LIBS='-lselinux'
libuuid_CFLAGS='-I/usr/include/uuid'
libuuid_LIBS='-luuid'
localedir='${datarootdir}/locale'
localstatedir='${prefix}/var'
mandir='${datarootdir}/man'
mkdir_p='$(MKDIR_P)'
oldincludedir='/usr/include'
pdfdir='${docdir}'
prefix='/usr/local'
program_transform_name='s,x,x,'
psdir='${docdir}'
runstatedir='${localstatedir}/run'
sbindir='${exec_prefix}/sbin'
sharedstatedir='${prefix}/com'
sysconfdir='${prefix}/etc'
target_alias=''

## ----------- ##
## confdefs.h. ##
## ----------- ##

/* confdefs.h */
#define PACKAGE_NAME "F2FS tools"
#define PACKAGE_TARNAME "f2fs-tools"
#define PACKAGE_VERSION "1.7.0"
#define PACKAGE_STRING "F2FS tools 1.7.0"
#define PACKAGE_BUGREPORT "linux-f2fs-devel@lists.sourceforge.net"
#define PACKAGE_URL ""
#define F2FS_TOOLS_VERSION "1.7.0"
#define F2FS_MAJOR_VERSION 1
#define F2FS_MINOR_VERSION 7
#define F2FS_TOOLS_DATE "2016-07-29"
#define PACKAGE "f2fs-tools"
#define VERSION "1.7.0"
#define STDC_HEADERS 1
#define HAVE_SYS_TYPES_H 1
#define HAVE_SYS_STAT_H 1
#define HAVE_STDLIB_H 1
#define HAVE_STRING_H 1
#define HAVE_MEMORY_H 1
#define HAVE_STRINGS_H 1
#define HAVE_INTTYPES_H 1
#define HAVE_STDINT_H 1
#define HAVE_UNISTD_H 1
#define HAVE_FCNTL_H 1
#define HAVE_MNTENT_H 1
#define HAVE_STDLIB_H 1
#define HAVE_STRING_H 1
#define HAVE_UNISTD_H 1
#define HAVE_SYS_IOCTL_H 1
#define HAVE_SYS_MOUNT_H 1
#define HAVE_DLFCN_H 1
#define LT_OBJDIR ".libs/"
#define HAVE_LINUX_FS_H 1
#define HAVE_FCNTL_H 1
#define HAVE_MNTENT_H 1
#define HAVE_STDLIB_H 1
#define HAVE_STRING_H 1
#define HAVE_SYS_IOCTL_H 1
#define HAVE_SYS_MOUNT_H 1
#define HAVE_UNISTD_H 1
#define HAVE_LINUX_FALLOC_H 1
#define HAVE_BYTESWAP_H 1
#define HAVE_GETMNTENT 1
#define HAVE_FALLOCATE 1
#define HAVE_GETMNTENT 1
#define HAVE_MEMSET 1
#define HAVE_DECL_BSWAP_64 1

configure: exit 0
